<?xml version="1.0" encoding="UTF-8"?>
<testng-results ignored="0" total="1" passed="1" failed="0" skipped="0">
  <reporter-output>
    <line>
      <![CDATA[create product successfully]]>
    </line>
  </reporter-output>
  <suite started-at="2021-11-12T15:16:08 IST" name="Default suite" finished-at="2021-11-12T15:16:08 IST" duration-ms="56">
    <groups>
    </groups>
    <test started-at="2021-11-12T15:16:08 IST" name="Default test" finished-at="2021-11-12T15:16:08 IST" duration-ms="56">
      <class name="com.parealcrm.products.CreateProducts">
        <test-method signature="CreateProducts()[pri:0, instance:com.parealcrm.products.CreateProducts@6e4784bc]" started-at="2021-11-12T15:16:08 IST" name="CreateProducts" finished-at="2021-11-12T15:16:08 IST" duration-ms="10" status="PASS">
          <reporter-output>
            <line>
              <![CDATA[create product successfully]]>
            </line>
          </reporter-output>
        </test-method> <!-- CreateProducts -->
      </class> <!-- com.parealcrm.products.CreateProducts -->
    </test> <!-- Default test -->
  </suite> <!-- Default suite -->
</testng-results>
